小时光数据

【本周六(9月10日)】
上传照片数 466,603
上传照片用户数 32,639
写日记数 56,405
写日记用户数 35,283
关注次数 78,708
关注行为用户数 7,995

【上周六(9月3日)】
上传照片数 466,603
上传照片用户数 32,639
写日记数 56,405
写日记用户数 35,283
关注次数 78,708
关注行为用户数 7,995

时光数据

2016-09-10

照片数：436693
上传照片用户数：31324
日记数：54927
写日记用户数：32707
关注次数：74525
产生关注行为的用户数：7279

七日前数据(2016-09-03)

照片数：464198
上传照片用户数：32545
日记数：55941
写日记用户数：35148
关注次数：78708
产生关注行为的用户数：7995


时光 DAU

【本周六(9月10日)】412,214
iOS活跃	157512
iOS新增	3349
Android活跃	254702
Android新增	6168

【上周六(9月3日)】421,450
iOS活跃	156,263
iOS新增	2,909
Android活跃	265,187
Android新增	5,692

